<?xml version="1.0" encoding="UTF-8"?>
<testsuite xmlns:xsi="http://www.w3.org/2001/XMLSchema-instance" xsi:noNamespaceSchemaLocation="https://maven.apache.org/surefire/maven-surefire-plugin/xsd/surefire-test-report.xsd" name="edu.sc.bse3211.meetingplanner.CalendarTest" time="0.277" tests="13" errors="0" skipped="0" failures="0">
  <properties>
    <property name="java.specification.version" value="17"/>
    <property name="sun.cpu.isalist" value="amd64"/>
    <property name="sun.jnu.encoding" value="Cp1252"/>
    <property name="java.class.path" value="C:\Users\USER\Desktop\COMBINED\YR 4 SEM 2\SW TESTING AND VERIFICATION\Assignments\UnitTesting2025\meetingplanner\target\test-classes;C:\Users\USER\Desktop\COMBINED\YR 4 SEM 2\SW TESTING AND VERIFICATION\Assignments\UnitTesting2025\meetingplanner\target\classes;C:\Users\USER\.m2\repository\junit\junit\4.11\junit-4.11.jar;C:\Users\USER\.m2\repository\org\hamcrest\hamcrest-core\1.3\hamcrest-core-1.3.jar;"/>
    <property name="java.vm.vendor" value="Eclipse Adoptium"/>
    <property name="sun.arch.data.model" value="64"/>
    <property name="user.variant" value=""/>
    <property name="java.vendor.url" value="https://adoptium.net/"/>
    <property name="user.timezone" value="Africa/Nairobi"/>
    <property name="os.name" value="Windows 10"/>
    <property name="java.vm.specification.version" value="17"/>
    <property name="sun.java.launcher" value="SUN_STANDARD"/>
    <property name="user.country" value="US"/>
    <property name="sun.boot.library.path" value="C:\Program Files\Eclipse Adoptium\jdk-17.0.12.7-hotspot\bin"/>
    <property name="sun.java.command" value="C:\Users\USER\AppData\Local\Temp\surefire7401866381934508211\surefirebooter2439696582367331814.jar C:\Users\USER\AppData\Local\Temp\surefire7401866381934508211 2025-04-08T15-27-18_490-jvmRun1 surefire2955711029882146386tmp surefire_0269301550342970425tmp"/>
    <property name="jdk.debug" value="release"/>
    <property name="test" value="CalendarTest"/>
    <property name="surefire.test.class.path" value="C:\Users\USER\Desktop\COMBINED\YR 4 SEM 2\SW TESTING AND VERIFICATION\Assignments\UnitTesting2025\meetingplanner\target\test-classes;C:\Users\USER\Desktop\COMBINED\YR 4 SEM 2\SW TESTING AND VERIFICATION\Assignments\UnitTesting2025\meetingplanner\target\classes;C:\Users\USER\.m2\repository\junit\junit\4.11\junit-4.11.jar;C:\Users\USER\.m2\repository\org\hamcrest\hamcrest-core\1.3\hamcrest-core-1.3.jar;"/>
    <property name="sun.cpu.endian" value="little"/>
    <property name="user.home" value="C:\Users\USER"/>
    <property name="user.language" value="en"/>
    <property name="java.specification.vendor" value="Oracle Corporation"/>
    <property name="java.version.date" value="2024-07-16"/>
    <property name="java.home" value="C:\Program Files\Eclipse Adoptium\jdk-17.0.12.7-hotspot"/>
    <property name="file.separator" value="\"/>
    <property name="basedir" value="C:\Users\USER\Desktop\COMBINED\YR 4 SEM 2\SW TESTING AND VERIFICATION\Assignments\UnitTesting2025\meetingplanner"/>
    <property name="java.vm.compressedOopsMode" value="32-bit"/>
    <property name="line.separator" value="&#10;"/>
    <property name="java.vm.specification.vendor" value="Oracle Corporation"/>
    <property name="java.specification.name" value="Java Platform API Specification"/>
    <property name="surefire.real.class.path" value="C:\Users\USER\AppData\Local\Temp\surefire7401866381934508211\surefirebooter2439696582367331814.jar"/>
    <property name="user.script" value=""/>
    <property name="sun.management.compiler" value="HotSpot 64-Bit Tiered Compilers"/>
    <property name="java.runtime.version" value="17.0.12+7"/>
    <property name="user.name" value="USER"/>
    <property name="path.separator" value=";"/>
    <property name="os.version" value="10.0"/>
    <property name="java.runtime.name" value="OpenJDK Runtime Environment"/>
    <property name="file.encoding" value="Cp1252"/>
    <property name="java.vm.name" value="OpenJDK 64-Bit Server VM"/>
    <property name="java.vendor.version" value="Temurin-17.0.12+7"/>
    <property name="localRepository" value="C:\Users\USER\.m2\repository"/>
    <property name="java.vendor.url.bug" value="https://github.com/adoptium/adoptium-support/issues"/>
    <property name="java.io.tmpdir" value="C:\Users\USER\AppData\Local\Temp\"/>
    <property name="java.version" value="17.0.12"/>
    <property name="user.dir" value="C:\Users\USER\Desktop\COMBINED\YR 4 SEM 2\SW TESTING AND VERIFICATION\Assignments\UnitTesting2025\meetingplanner"/>
    <property name="os.arch" value="amd64"/>
    <property name="java.vm.specification.name" value="Java Virtual Machine Specification"/>
    <property name="sun.os.patch.level" value=""/>
    <property name="native.encoding" value="Cp1252"/>
    <property name="java.library.path" value="C:\Program Files\Eclipse Adoptium\jdk-17.0.12.7-hotspot\bin;C:\WINDOWS\Sun\Java\bin;C:\WINDOWS\system32;C:\WINDOWS;C:\Python313\Scripts\;C:\Python313\;C:\Program Files\Eclipse Adoptium\jdk-17.0.12.7-hotspot\bin;C:\WINDOWS\system32;C:\WINDOWS;C:\WINDOWS\System32\Wbem;C:\WINDOWS\System32\WindowsPowerShell\v1.0\;C:\WINDOWS\System32\OpenSSH\;C:\Program Files\Git\cmd;C:\ProgramData\chocolatey\bin;C:\Program Files\PostgreSQL\16\bin;C:\Program Files\Docker\Docker\resources\bin;C:\Program Files\nodejs\;C:\SOFTWARE\maven\apache-maven-3.9.9\bin;C:\xampp;C:\xampp\php;C:\composer;C:\Users\USER\anaconda3;C:\Users\USER\anaconda3\Library\mingw-w64\bin;C:\Users\USER\anaconda3\Library\usr\bin;C:\Users\USER\anaconda3\Library\bin;C:\Users\USER\anaconda3\Scripts;C:\Users\USER\AppData\Local\Programs\Python\Python312\Scripts\;C:\Users\USER\AppData\Local\Programs\Python\Python312\;C:\Users\USER\AppData\Local\Microsoft\WindowsApps;C:\Users\USER\AppData\Local\Programs\Microsoft VS Code\bin;C:\Program Files\JetBrains\PyCharm Community Edition 2024.1.1\bin;;C:\Users\USER\AppData\Roaming\Composer\vendor\bin;C:\EVERYTHING\PROGRAMMING LANGUAGES\FLUTTER\flutter\bin;C:\Users\USER\AppData\Roaming\npm;;c:\Users\USER\AppData\Roaming\Code\User\globalStorage\github.copilot-chat\debugCommand;."/>
    <property name="java.vm.info" value="mixed mode, sharing"/>
    <property name="java.vendor" value="Eclipse Adoptium"/>
    <property name="java.vm.version" value="17.0.12+7"/>
    <property name="sun.io.unicode.encoding" value="UnicodeLittle"/>
    <property name="java.class.version" value="61.0"/>
  </properties>
  <testcase name="testIsBusy_invalidHour" classname="edu.sc.bse3211.meetingplanner.CalendarTest" time="0.019"/>
  <testcase name="testPrintAgenda_day" classname="edu.sc.bse3211.meetingplanner.CalendarTest" time="0"/>
  <testcase name="testAddMeeting_holiday" classname="edu.sc.bse3211.meetingplanner.CalendarTest" time="0"/>
  <testcase name="testRemoveMeeting" classname="edu.sc.bse3211.meetingplanner.CalendarTest" time="0"/>
  <testcase name="testAddMeeting_timeConflict" classname="edu.sc.bse3211.meetingplanner.CalendarTest" time="0"/>
  <testcase name="testClearSchedule" classname="edu.sc.bse3211.meetingplanner.CalendarTest" time="0"/>
  <testcase name="testAddMeeting_invalidMonth" classname="edu.sc.bse3211.meetingplanner.CalendarTest" time="0.001"/>
  <testcase name="testIsBusy_withMeeting" classname="edu.sc.bse3211.meetingplanner.CalendarTest" time="0.002"/>
  <testcase name="testAddMeeting_nonExistentDay" classname="edu.sc.bse3211.meetingplanner.CalendarTest" time="0.001"/>
  <testcase name="testAddMeeting_invalidTime" classname="edu.sc.bse3211.meetingplanner.CalendarTest" time="0.002"/>
  <testcase name="testAddMeeting_invalidDay" classname="edu.sc.bse3211.meetingplanner.CalendarTest" time="0"/>
  <testcase name="testIsBusy_noMeetings" classname="edu.sc.bse3211.meetingplanner.CalendarTest" time="0.002"/>
  <testcase name="testPrintAgenda_month" classname="edu.sc.bse3211.meetingplanner.CalendarTest" time="0.001"/>
</testsuite>