<?xml version="1.0" encoding="UTF-8"?>
<testsuite xmlns:xsi="http://www.w3.org/2001/XMLSchema-instance" xsi:noNamespaceSchemaLocation="https://maven.apache.org/surefire/maven-surefire-plugin/xsd/surefire-test-report.xsd" name="edu.sc.bse3211.meetingplanner.MeetingTest" time="0.048" tests="13" errors="0" skipped="0" failures="0">
  <properties>
    <property name="java.specification.version" value="21"/>
    <property name="sun.cpu.isalist" value="amd64"/>
    <property name="sun.jnu.encoding" value="Cp1252"/>
    <property name="java.class.path" value="C:\Users\Katende Chris\Downloads\meetingplanner\meetingplanner\target\test-classes;C:\Users\Katende Chris\Downloads\meetingplanner\meetingplanner\target\classes;C:\Users\Katende Chris\.m2\repository\junit\junit\4.13.2\junit-4.13.2.jar;C:\Users\Katende Chris\.m2\repository\org\hamcrest\hamcrest-core\1.3\hamcrest-core-1.3.jar;"/>
    <property name="java.vm.vendor" value="Oracle Corporation"/>
    <property name="sun.arch.data.model" value="64"/>
    <property name="user.variant" value=""/>
    <property name="java.vendor.url" value="https://java.oracle.com/"/>
    <property name="user.timezone" value="Africa/Nairobi"/>
    <property name="os.name" value="Windows 11"/>
    <property name="java.vm.specification.version" value="21"/>
    <property name="sun.java.launcher" value="SUN_STANDARD"/>
    <property name="user.country" value="US"/>
    <property name="sun.boot.library.path" value="C:\Program Files\Java\jdk-21\bin"/>
    <property name="sun.java.command" value="C:\Users\KATEND~1\AppData\Local\Temp\surefire6801671629668954569\surefirebooter6267429384710158663.jar C:\Users\Katende Chris\AppData\Local\Temp\surefire6801671629668954569 2025-04-09T12-49-31_755-jvmRun1 surefire10665863533935781503tmp surefire_09330447112658027330tmp"/>
    <property name="jdk.debug" value="release"/>
    <property name="surefire.test.class.path" value="C:\Users\Katende Chris\Downloads\meetingplanner\meetingplanner\target\test-classes;C:\Users\Katende Chris\Downloads\meetingplanner\meetingplanner\target\classes;C:\Users\Katende Chris\.m2\repository\junit\junit\4.13.2\junit-4.13.2.jar;C:\Users\Katende Chris\.m2\repository\org\hamcrest\hamcrest-core\1.3\hamcrest-core-1.3.jar;"/>
    <property name="sun.cpu.endian" value="little"/>
    <property name="user.home" value="C:\Users\Katende Chris"/>
    <property name="user.language" value="en"/>
    <property name="java.specification.vendor" value="Oracle Corporation"/>
    <property name="java.version.date" value="2023-10-17"/>
    <property name="java.home" value="C:\Program Files\Java\jdk-21"/>
    <property name="file.separator" value="\"/>
    <property name="basedir" value="C:\Users\Katende Chris\Downloads\meetingplanner\meetingplanner"/>
    <property name="java.vm.compressedOopsMode" value="Zero based"/>
    <property name="line.separator" value="&#10;"/>
    <property name="java.vm.specification.vendor" value="Oracle Corporation"/>
    <property name="java.specification.name" value="Java Platform API Specification"/>
    <property name="surefire.real.class.path" value="C:\Users\KATEND~1\AppData\Local\Temp\surefire6801671629668954569\surefirebooter6267429384710158663.jar"/>
    <property name="user.script" value=""/>
    <property name="sun.management.compiler" value="HotSpot 64-Bit Tiered Compilers"/>
    <property name="java.runtime.version" value="21.0.1+12-LTS-29"/>
    <property name="user.name" value="Katende Chris"/>
    <property name="stdout.encoding" value="UTF-8"/>
    <property name="path.separator" value=";"/>
    <property name="os.version" value="10.0"/>
    <property name="java.runtime.name" value="Java(TM) SE Runtime Environment"/>
    <property name="file.encoding" value="UTF-8"/>
    <property name="java.vm.name" value="Java HotSpot(TM) 64-Bit Server VM"/>
    <property name="localRepository" value="C:\Users\Katende Chris\.m2\repository"/>
    <property name="java.vendor.url.bug" value="https://bugreport.java.com/bugreport/"/>
    <property name="java.io.tmpdir" value="C:\Users\KATEND~1\AppData\Local\Temp\"/>
    <property name="java.version" value="21.0.1"/>
    <property name="user.dir" value="C:\Users\Katende Chris\Downloads\meetingplanner\meetingplanner"/>
    <property name="os.arch" value="amd64"/>
    <property name="java.vm.specification.name" value="Java Virtual Machine Specification"/>
    <property name="sun.os.patch.level" value=""/>
    <property name="native.encoding" value="Cp1252"/>
    <property name="java.library.path" value="C:\Program Files\Java\jdk-21\bin;C:\Windows\Sun\Java\bin;C:\Windows\system32;C:\Windows;C:\Users\Katende Chris\AppData\Roaming\Code\User\globalStorage\pleiades.java-extension-pack-jdk\gradle\latest\bin;C:\Users\Katende Chris\AppData\Roaming\Code\User\globalStorage\pleiades.java-extension-pack-jdk\maven\latest\bin;C:\Program Files\Java\jdk-21\bin;C:\Program Files\Microsoft SDKs\Azure\CLI2\wbin;C:\Program Files\Common Files\Oracle\Java\javapath;C:\Program Files (x86)\Common Files\Oracle\Java\java8path;C:\Program Files (x86)\Common Files\Oracle\Java\javapath;C:\Windows\system32;C:\Windows;C:\Windows\System32\Wbem;C:\Windows\System32\WindowsPowerShell\v1.0\;C:\Windows\System32\OpenSSH\;C:\ProgramData\chocolatey\bin;C:\Program Files\Git\cmd;C:\Program Files\Java\jdk21\bin;C:\Program Files\Git LFS;C:\Program Files\Java\jdk-21\bin;C:\Program Files\Docker\Docker\resources\bin;C:\Program Files\heroku\bin;C:\Users\Katende Chris\AppData\Roaming\nvm;C:\Program Files\nodejs;C:\GitLab-Runner\;C:\Users\Katende Chris\AppData\Local\Microsoft\WindowsApps\python3.exe;C:\Program Files\PostgreSQL\16\bin;C:\Users\Katende Chris\AppData\Local\Programs\Python\Python312\Scripts\;C:\Users\Katende Chris\AppData\Local\Programs\Python\Python312\;C:\flutter\bin;C:\Windows\system32;C:\Windows;C:\Windows\System32\Wbem;C:\Windows\System32\WindowsPowerShell\v1.0\;C:\Windows\System32\OpenSSH\;C:\ProgramData\chocolatey\bin;C:\Users\Katende Chris\AppData\Local\Programs\Python\Launcher\;C:\Users\Katende Chris\fyti\regulate-api-core\venv\Scripts;C:\Users\Katende Chris\AppData\Local\Microsoft\WindowsApps;C:\Users\Katende Chris\AppData\Local\Programs\Microsoft VS Code\bin;C:\Users\Katende Chris\AppData\Local\Pub\Cache\bin;C:\Users\Katende Chris\AppData\Roaming\npm;C:\Users\Katende Chris\AppData\Local\GitHubDesktop\bin;C:\xampp\php;C:\Users\Katende Chris\AppData\Local\ComposerSetup\bin;C:\Users\Katende Chris\AppData\Roaming\Composer\vendor\bin;C:\Users\Katende Chris\Downloads\jdk-22_windows-x64_bin (2).exe\bin;C:\Users\Katende Chris\AppData\Roaming\nvm;C:\Program Files\nodejs;C:\Program Files\Tesseract-OCR;c:\Users\Katende Chris\AppData\Roaming\Code\User\globalStorage\github.copilot-chat\debugCommand;."/>
    <property name="java.vm.info" value="mixed mode, sharing"/>
    <property name="stderr.encoding" value="UTF-8"/>
    <property name="java.vendor" value="Oracle Corporation"/>
    <property name="java.vm.version" value="21.0.1+12-LTS-29"/>
    <property name="sun.io.unicode.encoding" value="UnicodeLittle"/>
    <property name="java.class.version" value="65.0"/>
  </properties>
  <testcase name="testTimeSettings" classname="edu.sc.bse3211.meetingplanner.MeetingTest" time="0"/>
  <testcase name="testWholeDayConstructor" classname="edu.sc.bse3211.meetingplanner.MeetingTest" time="0"/>
  <testcase name="testAddAttendee" classname="edu.sc.bse3211.meetingplanner.MeetingTest" time="0"/>
  <testcase name="testMonthBoundaries" classname="edu.sc.bse3211.meetingplanner.MeetingTest" time="0"/>
  <testcase name="testTimeRangeConstructor" classname="edu.sc.bse3211.meetingplanner.MeetingTest" time="0"/>
  <testcase name="testFullConstructor" classname="edu.sc.bse3211.meetingplanner.MeetingTest" time="0"/>
  <testcase name="testWholeDayWithDescriptionConstructor" classname="edu.sc.bse3211.meetingplanner.MeetingTest" time="0"/>
  <testcase name="testDayBoundaries" classname="edu.sc.bse3211.meetingplanner.MeetingTest" time="0"/>
  <testcase name="testRoomAssignment" classname="edu.sc.bse3211.meetingplanner.MeetingTest" time="0.002"/>
  <testcase name="testDescriptionHandling" classname="edu.sc.bse3211.meetingplanner.MeetingTest" time="0.001"/>
  <testcase name="testToStringFormat" classname="edu.sc.bse3211.meetingplanner.MeetingTest" time="0.038"/>
  <testcase name="testRemoveAttendee" classname="edu.sc.bse3211.meetingplanner.MeetingTest" time="0.003"/>
  <testcase name="testDefaultConstructor" classname="edu.sc.bse3211.meetingplanner.MeetingTest" time="0"/>
</testsuite>