<?xml version="1.0" encoding="UTF-8"?>
<testsuite xmlns:xsi="http://www.w3.org/2001/XMLSchema-instance" xsi:noNamespaceSchemaLocation="https://maven.apache.org/surefire/maven-surefire-plugin/xsd/surefire-test-report.xsd" name="edu.sc.bse3211.meetingplanner.CalendarTest" time="0.063" tests="1" errors="0" skipped="0" failures="0">
  <properties>
    <property name="java.specification.version" value="23"/>
    <property name="sun.cpu.isalist" value="amd64"/>
    <property name="sun.jnu.encoding" value="Cp1252"/>
    <property name="java.class.path" value="C:\Users\REALTECH\Desktop\Software Testing\Unit Testing\meetingplanner\meetingplanner\target\test-classes;C:\Users\REALTECH\Desktop\Software Testing\Unit Testing\meetingplanner\meetingplanner\target\classes;C:\Users\REALTECH\.m2\repository\junit\junit\4.11\junit-4.11.jar;C:\Users\REALTECH\.m2\repository\org\hamcrest\hamcrest-core\1.3\hamcrest-core-1.3.jar;"/>
    <property name="java.vm.vendor" value="Oracle Corporation"/>
    <property name="sun.arch.data.model" value="64"/>
    <property name="user.variant" value=""/>
    <property name="java.vendor.url" value="https://java.oracle.com/"/>
    <property name="user.timezone" value="Africa/Kampala"/>
    <property name="os.name" value="Windows 11"/>
    <property name="java.vm.specification.version" value="23"/>
    <property name="sun.java.launcher" value="SUN_STANDARD"/>
    <property name="user.country" value="US"/>
    <property name="sun.boot.library.path" value="C:\Program Files\Java\jdk-23\bin"/>
    <property name="sun.java.command" value="C:\Users\REALTECH\AppData\Local\Temp\surefire5898290380988621253\surefirebooter11940251277581866474.jar C:\Users\REALTECH\AppData\Local\Temp\surefire5898290380988621253 2025-04-04T13-45-15_341-jvmRun1 surefire8917626711121950587tmp surefire_011582399698000534104tmp"/>
    <property name="jdk.debug" value="release"/>
    <property name="surefire.test.class.path" value="C:\Users\REALTECH\Desktop\Software Testing\Unit Testing\meetingplanner\meetingplanner\target\test-classes;C:\Users\REALTECH\Desktop\Software Testing\Unit Testing\meetingplanner\meetingplanner\target\classes;C:\Users\REALTECH\.m2\repository\junit\junit\4.11\junit-4.11.jar;C:\Users\REALTECH\.m2\repository\org\hamcrest\hamcrest-core\1.3\hamcrest-core-1.3.jar;"/>
    <property name="sun.cpu.endian" value="little"/>
    <property name="user.home" value="C:\Users\REALTECH"/>
    <property name="user.language" value="en"/>
    <property name="java.specification.vendor" value="Oracle Corporation"/>
    <property name="java.version.date" value="2024-09-17"/>
    <property name="java.home" value="C:\Program Files\Java\jdk-23"/>
    <property name="file.separator" value="\"/>
    <property name="basedir" value="C:\Users\REALTECH\Desktop\Software Testing\Unit Testing\meetingplanner\meetingplanner"/>
    <property name="java.vm.compressedOopsMode" value="32-bit"/>
    <property name="line.separator" value="&#10;"/>
    <property name="java.vm.specification.vendor" value="Oracle Corporation"/>
    <property name="java.specification.name" value="Java Platform API Specification"/>
    <property name="surefire.real.class.path" value="C:\Users\REALTECH\AppData\Local\Temp\surefire5898290380988621253\surefirebooter11940251277581866474.jar"/>
    <property name="user.script" value=""/>
    <property name="sun.management.compiler" value="HotSpot 64-Bit Tiered Compilers"/>
    <property name="java.runtime.version" value="23+37-2369"/>
    <property name="user.name" value="REALTECH"/>
    <property name="stdout.encoding" value="Cp1252"/>
    <property name="path.separator" value=";"/>
    <property name="os.version" value="10.0"/>
    <property name="java.runtime.name" value="Java(TM) SE Runtime Environment"/>
    <property name="file.encoding" value="UTF-8"/>
    <property name="java.vm.name" value="Java HotSpot(TM) 64-Bit Server VM"/>
    <property name="localRepository" value="C:\Users\REALTECH\.m2\repository"/>
    <property name="java.vendor.url.bug" value="https://bugreport.java.com/bugreport/"/>
    <property name="java.io.tmpdir" value="C:\Users\REALTECH\AppData\Local\Temp\"/>
    <property name="java.version" value="23"/>
    <property name="user.dir" value="C:\Users\REALTECH\Desktop\Software Testing\Unit Testing\meetingplanner\meetingplanner"/>
    <property name="os.arch" value="amd64"/>
    <property name="java.vm.specification.name" value="Java Virtual Machine Specification"/>
    <property name="sun.os.patch.level" value=""/>
    <property name="native.encoding" value="Cp1252"/>
    <property name="java.library.path" value="C:\Program Files\Java\jdk-23\bin;C:\Windows\Sun\Java\bin;C:\Windows\system32;C:\Windows;C:\Program Files\MariaDB 10.4\bin;C:\Program Files\Git\cmd;C:\Program Files\Apache\maven\apache-maven-3.9.9\bin;C:\Users\REALTECH\AppData\Local\Programs\Python\Python313\Scripts\;C:\Users\REALTECH\AppData\Local\Programs\Python\Python313\;C:\Users\REALTECH\AppData\Local\Microsoft\WindowsApps;C:\Users\REALTECH\AppData\Local\Programs\Microsoft VS Code\bin;C:\node-v20.18.0;C:\Users\REALTECH\AppData\Roaming\npm;C:\Program Files\Java\jdk-23\bin;C:\Program Files\MySQL\MySQL Server 8.0\bin;C:\Users\REALTECH\AppData\Roaming\Composer\vendor\bin;C:\Users\REALTECH\.dotnet\tools;C:\Users\REALTECH\AppData\Local\GitHubDesktop\bin;c:\Users\REALTECH\AppData\Roaming\Code\User\globalStorage\github.copilot-chat\debugCommand;."/>
    <property name="java.vm.info" value="mixed mode, sharing"/>
    <property name="stderr.encoding" value="Cp1252"/>
    <property name="java.vendor" value="Oracle Corporation"/>
    <property name="java.vm.version" value="23+37-2369"/>
    <property name="sun.io.unicode.encoding" value="UnicodeLittle"/>
    <property name="java.class.version" value="67.0"/>
  </properties>
  <testcase name="testAddMeeting_holiday" classname="edu.sc.bse3211.meetingplanner.CalendarTest" time="0.007"/>
</testsuite>